<!DOCTYPE html>
<html>
<head>
    <title>Unittest Results</title>
    <meta charset="utf-8">
    <meta name="viewport" content="width=device-width, initial-scale=1.0">
    <link rel="stylesheet" href="https://maxcdn.bootstrapcdn.com/bootstrap/3.3.6/css/bootstrap.min.css" integrity="sha384-1q8mTJOASx8j1Au+a5WDVnPi2lkFfwwEAa8hDDdjZlpLegxhjVME1fgjWPGmkzs7" crossorigin="anonymous">
</head>
<body>
    <div class="container">
        <div class="row">
            <div class="col-xs-12">
                <h2 class="text-capitalize">Unittest Results</h2>
                <p class='attribute'><strong>Start Time: </strong>2022-03-22 12:31:11</p>
                <p class='attribute'><strong>Duration: </strong>85.06 s</p>
                <p class='attribute'><strong>Summary: </strong>Total: 3, Pass: 1, Error: 2</p>
            </div>
        </div>
        <div class="row">
            <div class="col-xs-12 col-sm-10 col-md-10">
                <table class='table table-hover table-responsive'>
                    <thead>
                        <tr>
                            <th>__main__.SantaLoginTest</th>
                            <th>Status</th>
                            <th></th>
                        </tr>
                    </thead>
                    <tbody>
                        <tr class='warning'>
                            <td class="col-xs-10">test_santa_login_email</td>
                            <td class="col-xs-1">
                                <span class="label label-warning" style="display:block;width:40px;">Error</span>
                            </td>
                            <td class="col-xs-1">
                                <button class="btn btn-default btn-xs">View</button>
                            </td>
                        </tr>
                        <tr style="display:none;">
                            <td class="col-xs-9" colspan="3"><p>2022-03-22 12:31:19 : santa - android : Email Log-in
</p><p style="color:maroon;">TypeError: open() missing required argument 'flags' (pos 2)</p><p style="color:maroon;">Traceback (most recent call last):
  File "/Users/riiid/sunbae/qa-automation/santa-android-auto/santa_login.py", line 54, in test_santa_login_email
    os.open('adb shell setprop gsm.sim.operator.iso-country kr')
TypeError: open() missing required argument 'flags' (pos 2)
</p>
                            </td>
                        </tr>
                        <tr class='warning'>
                            <td class="col-xs-10">test_santa_login_google</td>
                            <td class="col-xs-1">
                                <span class="label label-warning" style="display:block;width:40px;">Error</span>
                            </td>
                            <td class="col-xs-1">
                                <button class="btn btn-default btn-xs">View</button>
                            </td>
                        </tr>
                        <tr style="display:none;">
                            <td class="col-xs-9" colspan="3"><p>2022-03-22 12:31:30 : santa - android : Google Log-in
2022-03-22 12:31:30 : santa - android : Version :     v4.2.0.6
​
2022-03-22 12:31:31 : santa - android : 계정이 이미 있어요
2022-03-22 12:31:36 : santa - android : 원하는 로그인 방식이 없어요
2022-03-22 12:31:37 : santa - android : google login
</p><p style="color:maroon;">NoSuchElementException: Message: An element could not be located on the page using the given search parameters.
Stacktrace:
NoSuchElementError: An element could not be located on the page using the given search parameters.
    at AndroidUiautomator2Driver.findElOrEls (/Applications/Appium Server GUI.app/Contents/Resources/app/node_modules/appium/node_modules/appium-android-driver/lib/commands/find.js:75:11)
    at processTicksAndRejections (internal/process/task_queues.js:85:5)</p><p style="color:maroon;">Traceback (most recent call last):
  File "/Users/riiid/sunbae/qa-automation/santa-android-auto/santa_login.py", line 201, in test_santa_login_google
    isFrist = driver.find_element(By.ID,'identifierId').is_displayed()
  File "/Library/Frameworks/Python.framework/Versions/3.10/lib/python3.10/site-packages/Appium_Python_Client-2.1.2-py3.10.egg/appium/webdriver/webdriver.py", line 408, in find_element
    return self.execute(RemoteCommand.FIND_ELEMENT, {'using': by, 'value': value})['value']
  File "/Library/Frameworks/Python.framework/Versions/3.10/lib/python3.10/site-packages/selenium/webdriver/remote/webdriver.py", line 424, in execute
    self.error_handler.check_response(response)
  File "/Library/Frameworks/Python.framework/Versions/3.10/lib/python3.10/site-packages/Appium_Python_Client-2.1.2-py3.10.egg/appium/webdriver/errorhandler.py", line 31, in check_response
    raise wde
  File "/Library/Frameworks/Python.framework/Versions/3.10/lib/python3.10/site-packages/Appium_Python_Client-2.1.2-py3.10.egg/appium/webdriver/errorhandler.py", line 26, in check_response
    super().check_response(response)
  File "/Library/Frameworks/Python.framework/Versions/3.10/lib/python3.10/site-packages/selenium/webdriver/remote/errorhandler.py", line 247, in check_response
    raise exception_class(message, screen, stacktrace)
selenium.common.exceptions.NoSuchElementException: Message: An element could not be located on the page using the given search parameters.
Stacktrace:
NoSuchElementError: An element could not be located on the page using the given search parameters.
    at AndroidUiautomator2Driver.findElOrEls (/Applications/Appium Server GUI.app/Contents/Resources/app/node_modules/appium/node_modules/appium-android-driver/lib/commands/find.js:75:11)
    at processTicksAndRejections (internal/process/task_queues.js:85:5)
</p>
                            </td>
                        </tr>
                        <tr class='success'>
                            <td class="col-xs-10">test_santa_login_kakao</td>
                            <td class="col-xs-1">
                                <span class="label label-success" style="display:block;width:40px;">Pass</span>
                            </td>
                            <td class="col-xs-1">
                                <button class="btn btn-default btn-xs">View</button>
                            </td>
                        </tr>
                        <tr style="display:none;">
                            <td class="col-xs-9" colspan="3"><p>2022-03-22 12:32:24 : santa - android : KaKao Log-in
2022-03-22 12:32:26 : santa - android : Version :     v4.2.0.6
​
2022-03-22 12:32:29 : santa - android : 계정이 이미 있어요
2022-03-22 12:32:34 : santa - android : 원하는 로그인 방식이 없어요
2022-03-22 12:32:36 : santa - android : 끝
</p>
                            </td>
                        </tr>
                        <tr>
                            <td colspan="3">
                                Total: 3, Pass: 1, Error: 2 -- Duration: 85.06 s
                            </td>
                        </tr>
                    </tbody>
                </table>
            </div>
        </div>
    </div>
    <script src="https://ajax.googleapis.com/ajax/libs/jquery/2.2.4/jquery.min.js"></script>
    <script type="text/javascript">
        $(document).ready(function(){
            $('td').on('click', '.btn', function(e){
                e.preventDefault();
                e.stopImmediatePropagation();
                var $this = $(this);
                var $nextRow = $this.closest('tr').next('tr');
                $nextRow.slideToggle("fast");
                $this.text(function(i, text){
                    if (text === 'View') {
                        return 'Hide';
                    } else {
                        return 'View';
                    };
                });
            });
        });
    </script>
</body>
</html>
